<?xml version="1.0" encoding="UTF-8"?>
<testng-results ignored="0" total="1" passed="1" failed="0" skipped="0">
  <reporter-output>
  </reporter-output>
  <suite started-at="2023-04-05T13:23:55 IST" name="Suite" finished-at="2023-04-05T13:23:55 IST" duration-ms="62">
    <groups>
    </groups>
    <test started-at="2023-04-05T13:23:55 IST" name="Test" finished-at="2023-04-05T13:23:55 IST" duration-ms="62">
      <class name="sampleTest.sample">
        <test-method signature="test()[pri:0, instance:sampleTest.sample@27dc627a]" started-at="2023-04-05T13:23:55 IST" name="test" finished-at="2023-04-05T13:23:55 IST" duration-ms="10" status="PASS">
          <reporter-output>
          </reporter-output>
        </test-method> <!-- test -->
      </class> <!-- sampleTest.sample -->
    </test> <!-- Test -->
  </suite> <!-- Suite -->
</testng-results>
