<?xml version="1.0" encoding="UTF-8"?>
<testng-results ignored="0" total="1" passed="1" failed="0" skipped="0">
  <reporter-output>
  </reporter-output>
  <suite started-at="2023-04-06T11:17:42 IST" name="Suite" finished-at="2023-04-06T11:17:42 IST" duration-ms="93">
    <groups>
    </groups>
    <test started-at="2023-04-06T11:17:42 IST" name="Test" finished-at="2023-04-06T11:17:42 IST" duration-ms="93">
      <class name="sampleTest.SampleRun">
        <test-method signature="samplerun()[pri:0, instance:sampleTest.SampleRun@7c0df4ab]" started-at="2023-04-06T11:17:42 IST" name="samplerun" finished-at="2023-04-06T11:17:42 IST" duration-ms="10" status="PASS">
          <reporter-output>
          </reporter-output>
        </test-method> <!-- samplerun -->
      </class> <!-- sampleTest.SampleRun -->
    </test> <!-- Test -->
  </suite> <!-- Suite -->
</testng-results>
